[INFO] Scanning for projects...
[INFO] 
[INFO] ----------------------< com.pfe:gestion-etudiant >----------------------
[INFO] Building Gestion des Notes et Absences 1.0.0
[INFO]   from pom.xml
[INFO] --------------------------------[ jar ]---------------------------------
[INFO] 
[INFO] >>> spring-boot:3.2.0:run (default-cli) > test-compile @ gestion-etudiant >>>
[INFO] 
[INFO] --- resources:3.3.1:resources (default-resources) @ gestion-etudiant ---
[INFO] Copying 1 resource from src\main\resources to target\classes
[INFO] Copying 52 resources from src\main\resources to target\classes
[INFO] 
[INFO] --- compiler:3.11.0:compile (default-compile) @ gestion-etudiant ---
[INFO] Nothing to compile - all classes are up to date
[INFO] 
[INFO] --- resources:3.3.1:testResources (default-testResources) @ gestion-etudiant ---
[INFO] skip non existing resourceDirectory C:\Users\moham\OneDrive\Desktop\student-management\src\test\resources
[INFO] 
[INFO] --- compiler:3.11.0:testCompile (default-testCompile) @ gestion-etudiant ---
[INFO] Nothing to compile - all classes are up to date
[INFO] 
[INFO] <<< spring-boot:3.2.0:run (default-cli) < test-compile @ gestion-etudiant <<<
[INFO] 
[INFO] 
[INFO] --- spring-boot:3.2.0:run (default-cli) @ gestion-etudiant ---
[INFO] Attaching agents: []

  .   ____          _            __ _ _
 /\\ / ___'_ __ _ _(_)_ __  __ _ \ \ \ \
( ( )\___ | '_ | '_| | '_ \/ _` | \ \ \ \
 \\/  ___)| |_)| | | | | || (_| |  ) ) ) )
  '  |____| .__|_| |_|_| |_\__, | / / / /
 =========|_|==============|___/=/_/_/_/
 :: Spring Boot ::                (v3.2.0)

2026-04-12T20:37:31.126+01:00  INFO 10128 --- [gestion-etudiant] [  restartedMain] c.p.g.GestionEtudiantApplication         : Starting GestionEtudiantApplication using Java 17.0.17 with PID 10128 (C:\Users\moham\OneDrive\Desktop\student-management\target\classes started by moham in C:\Users\moham\OneDrive\Desktop\student-management)
2026-04-12T20:37:31.129+01:00 DEBUG 10128 --- [gestion-etudiant] [  restartedMain] c.p.g.GestionEtudiantApplication         : Running with Spring Boot v3.2.0, Spring v6.1.1
2026-04-12T20:37:31.130+01:00  INFO 10128 --- [gestion-etudiant] [  restartedMain] c.p.g.GestionEtudiantApplication         : No active profile set, falling back to 1 default profile: "default"
2026-04-12T20:37:31.168+01:00  INFO 10128 --- [gestion-etudiant] [  restartedMain] .e.DevToolsPropertyDefaultsPostProcessor : Devtools property defaults active! Set 'spring.devtools.add-properties' to 'false' to disable
2026-04-12T20:37:31.169+01:00  INFO 10128 --- [gestion-etudiant] [  restartedMain] .e.DevToolsPropertyDefaultsPostProcessor : For additional web related logging consider setting the 'logging.level.web' property to 'DEBUG'
2026-04-12T20:37:31.943+01:00  INFO 10128 --- [gestion-etudiant] [  restartedMain] .s.d.r.c.RepositoryConfigurationDelegate : Bootstrapping Spring Data JPA repositories in DEFAULT mode.
2026-04-12T20:37:32.044+01:00  INFO 10128 --- [gestion-etudiant] [  restartedMain] .s.d.r.c.RepositoryConfigurationDelegate : Finished Spring Data repository scanning in 92 ms. Found 14 JPA repository interfaces.
2026-04-12T20:37:32.769+01:00  INFO 10128 --- [gestion-etudiant] [  restartedMain] o.s.b.w.embedded.tomcat.TomcatWebServer  : Tomcat initialized with port 8081 (http)
2026-04-12T20:37:32.785+01:00  INFO 10128 --- [gestion-etudiant] [  restartedMain] o.apache.catalina.core.StandardService   : Starting service [Tomcat]
2026-04-12T20:37:32.785+01:00  INFO 10128 --- [gestion-etudiant] [  restartedMain] o.apache.catalina.core.StandardEngine    : Starting Servlet engine: [Apache Tomcat/10.1.16]
2026-04-12T20:37:32.854+01:00  INFO 10128 --- [gestion-etudiant] [  restartedMain] o.a.c.c.C.[Tomcat].[localhost].[/]       : Initializing Spring embedded WebApplicationContext
2026-04-12T20:37:32.855+01:00  INFO 10128 --- [gestion-etudiant] [  restartedMain] w.s.c.ServletWebServerApplicationContext : Root WebApplicationContext: initialization completed in 1684 ms
2026-04-12T20:37:33.050+01:00  INFO 10128 --- [gestion-etudiant] [  restartedMain] o.hibernate.jpa.internal.util.LogHelper  : HHH000204: Processing PersistenceUnitInfo [name: default]
2026-04-12T20:37:33.205+01:00  INFO 10128 --- [gestion-etudiant] [  restartedMain] org.hibernate.Version                    : HHH000412: Hibernate ORM core version 6.3.1.Final
2026-04-12T20:37:33.261+01:00  INFO 10128 --- [gestion-etudiant] [  restartedMain] o.h.c.internal.RegionFactoryInitiator    : HHH000026: Second-level cache disabled
2026-04-12T20:37:33.618+01:00  INFO 10128 --- [gestion-etudiant] [  restartedMain] o.s.o.j.p.SpringPersistenceUnitInfo      : No LoadTimeWeaver setup: ignoring JPA class transformer
2026-04-12T20:37:33.658+01:00  INFO 10128 --- [gestion-etudiant] [  restartedMain] com.zaxxer.hikari.HikariDataSource       : HikariPool-1 - Starting...
2026-04-12T20:37:33.905+01:00  INFO 10128 --- [gestion-etudiant] [  restartedMain] com.zaxxer.hikari.pool.HikariPool        : HikariPool-1 - Added connection com.mysql.cj.jdbc.ConnectionImpl@2aa3e8bc
2026-04-12T20:37:33.908+01:00  INFO 10128 --- [gestion-etudiant] [  restartedMain] com.zaxxer.hikari.HikariDataSource       : HikariPool-1 - Start completed.
2026-04-12T20:37:35.686+01:00  INFO 10128 --- [gestion-etudiant] [  restartedMain] o.h.e.t.j.p.i.JtaPlatformInitiator       : HHH000489: No JTA platform available (set 'hibernate.transaction.jta.platform' to enable JTA platform integration)
2026-04-12T20:37:36.061+01:00  INFO 10128 --- [gestion-etudiant] [  restartedMain] j.LocalContainerEntityManagerFactoryBean : Initialized JPA EntityManagerFactory for persistence unit 'default'
2026-04-12T20:37:36.378+01:00  INFO 10128 --- [gestion-etudiant] [  restartedMain] o.s.d.j.r.query.QueryEnhancerFactory     : Hibernate is in classpath; If applicable, HQL parser will be used.
2026-04-12T20:37:37.873+01:00  INFO 10128 --- [gestion-etudiant] [  restartedMain] o.s.s.web.DefaultSecurityFilterChain     : Will secure any request with [org.springframework.security.web.session.DisableEncodeUrlFilter@5e2a9449, org.springframework.security.web.context.request.async.WebAsyncManagerIntegrationFilter@3c8aec62, org.springframework.security.web.context.SecurityContextHolderFilter@146760d1, org.springframework.security.web.header.HeaderWriterFilter@55084cbe, org.springframework.web.filter.CorsFilter@6b4d5b21, org.springframework.security.web.csrf.CsrfFilter@6f4f5b13, org.springframework.security.web.authentication.logout.LogoutFilter@3d7f37e1, org.springframework.security.web.authentication.UsernamePasswordAuthenticationFilter@4a13a062, org.springframework.security.web.session.ConcurrentSessionFilter@2fcd43d3, org.springframework.security.web.savedrequest.RequestCacheAwareFilter@4eec2a82, org.springframework.security.web.servletapi.SecurityContextHolderAwareRequestFilter@23ee3dff, org.springframework.security.web.authentication.AnonymousAuthenticationFilter@7580434d, org.springframework.security.web.session.SessionManagementFilter@1092ab83, org.springframework.security.web.access.ExceptionTranslationFilter@60b6fcf8, org.springframework.security.web.access.intercept.AuthorizationFilter@2408d94f]
2026-04-12T20:37:38.369+01:00  INFO 10128 --- [gestion-etudiant] [  restartedMain] o.s.b.d.a.OptionalLiveReloadServer       : LiveReload server is running on port 35729
2026-04-12T20:37:38.472+01:00  INFO 10128 --- [gestion-etudiant] [  restartedMain] o.s.b.w.embedded.tomcat.TomcatWebServer  : Tomcat started on port 8081 (http) with context path ''
2026-04-12T20:37:38.494+01:00  INFO 10128 --- [gestion-etudiant] [  restartedMain] c.p.g.GestionEtudiantApplication         : Started GestionEtudiantApplication in 7.705 seconds (process running for 8.101)
2026-04-12T20:37:53.872+01:00  INFO 10128 --- [gestion-etudiant] [nio-8081-exec-1] o.a.c.c.C.[Tomcat].[localhost].[/]       : Initializing Spring DispatcherServlet 'dispatcherServlet'
2026-04-12T20:37:53.873+01:00  INFO 10128 --- [gestion-etudiant] [nio-8081-exec-1] o.s.web.servlet.DispatcherServlet        : Initializing Servlet 'dispatcherServlet'
2026-04-12T20:37:53.876+01:00  INFO 10128 --- [gestion-etudiant] [nio-8081-exec-1] o.s.web.servlet.DispatcherServlet        : Completed initialization in 2 ms
2026-04-12T20:37:53.902+01:00  WARN 10128 --- [gestion-etudiant] [nio-8081-exec-1] o.s.w.s.h.HandlerMappingIntrospector     : Cache miss for REQUEST dispatch to '/teacher/courses/new' (previous null). Performing CorsConfiguration lookup. This is logged once only at WARN level, and every time at TRACE.
2026-04-12T20:37:53.929+01:00  WARN 10128 --- [gestion-etudiant] [nio-8081-exec-1] o.s.w.s.h.HandlerMappingIntrospector     : Cache miss for REQUEST dispatch to '/teacher/courses/new' (previous null). Performing MatchableHandlerMapping lookup. This is logged once only at WARN level, and every time at TRACE.
2026-04-12T21:54:48.527+01:00  INFO 10128 --- [gestion-etudiant] [   File Watcher] rtingClassPathChangeChangedEventListener : Restarting due to 118 class path changes (0 additions, 118 deletions, 0 modifications)
2026-04-12T21:54:48.795+01:00  INFO 10128 --- [gestion-etudiant] [       Thread-5] j.LocalContainerEntityManagerFactoryBean : Closing JPA EntityManagerFactory for persistence unit 'default'
2026-04-12T21:54:48.870+01:00  INFO 10128 --- [gestion-etudiant] [       Thread-5] com.zaxxer.hikari.HikariDataSource       : HikariPool-1 - Shutdown initiated...
2026-04-12T21:54:48.885+01:00  INFO 10128 --- [gestion-etudiant] [       Thread-5] com.zaxxer.hikari.HikariDataSource       : HikariPool-1 - Shutdown completed.

  .   ____          _            __ _ _
 /\\ / ___'_ __ _ _(_)_ __  __ _ \ \ \ \
( ( )\___ | '_ | '_| | '_ \/ _` | \ \ \ \
 \\/  ___)| |_)| | | | | || (_| |  ) ) ) )
  '  |____| .__|_| |_|_| |_\__, | / / / /
 =========|_|==============|___/=/_/_/_/
 :: Spring Boot ::                (v3.2.0)

2026-04-12T21:54:49.621+01:00  INFO 10128 --- [gestion-etudiant] [  restartedMain] c.p.g.GestionEtudiantApplication         : Starting GestionEtudiantApplication using Java 17.0.17 with PID 10128 (C:\Users\moham\OneDrive\Desktop\student-management\target\classes started by moham in C:\Users\moham\OneDrive\Desktop\student-management)
2026-04-12T21:54:49.622+01:00 DEBUG 10128 --- [gestion-etudiant] [  restartedMain] c.p.g.GestionEtudiantApplication         : Running with Spring Boot v3.2.0, Spring v6.1.1
2026-04-12T21:54:49.622+01:00  INFO 10128 --- [gestion-etudiant] [  restartedMain] c.p.g.GestionEtudiantApplication         : No active profile set, falling back to 1 default profile: "default"
2026-04-12T21:54:50.051+01:00  INFO 10128 --- [gestion-etudiant] [  restartedMain] .s.d.r.c.RepositoryConfigurationDelegate : Bootstrapping Spring Data JPA repositories in DEFAULT mode.
2026-04-12T21:54:50.058+01:00  INFO 10128 --- [gestion-etudiant] [  restartedMain] .s.d.r.c.RepositoryConfigurationDelegate : Finished Spring Data repository scanning in 5 ms. Found 0 JPA repository interfaces.
2026-04-12T21:54:50.302+01:00  INFO 10128 --- [gestion-etudiant] [  restartedMain] o.s.b.w.embedded.tomcat.TomcatWebServer  : Tomcat initialized with port 8081 (http)
2026-04-12T21:54:50.304+01:00  INFO 10128 --- [gestion-etudiant] [  restartedMain] o.apache.catalina.core.StandardService   : Starting service [Tomcat]
2026-04-12T21:54:50.304+01:00  INFO 10128 --- [gestion-etudiant] [  restartedMain] o.apache.catalina.core.StandardEngine    : Starting Servlet engine: [Apache Tomcat/10.1.16]
2026-04-12T21:54:50.361+01:00  INFO 10128 --- [gestion-etudiant] [  restartedMain] o.a.c.c.C.[Tomcat].[localhost].[/]       : Initializing Spring embedded WebApplicationContext
2026-04-12T21:54:50.362+01:00  INFO 10128 --- [gestion-etudiant] [  restartedMain] w.s.c.ServletWebServerApplicationContext : Root WebApplicationContext: initialization completed in 735 ms
2026-04-12T21:54:50.452+01:00  INFO 10128 --- [gestion-etudiant] [  restartedMain] o.hibernate.jpa.internal.util.LogHelper  : HHH000204: Processing PersistenceUnitInfo [name: default]
2026-04-12T21:54:50.461+01:00  INFO 10128 --- [gestion-etudiant] [  restartedMain] o.h.c.internal.RegionFactoryInitiator    : HHH000026: Second-level cache disabled
2026-04-12T21:54:50.474+01:00  INFO 10128 --- [gestion-etudiant] [  restartedMain] o.s.o.j.p.SpringPersistenceUnitInfo      : No LoadTimeWeaver setup: ignoring JPA class transformer
2026-04-12T21:54:50.478+01:00  INFO 10128 --- [gestion-etudiant] [  restartedMain] com.zaxxer.hikari.HikariDataSource       : HikariPool-2 - Starting...
2026-04-12T21:54:50.494+01:00  INFO 10128 --- [gestion-etudiant] [  restartedMain] com.zaxxer.hikari.pool.HikariPool        : HikariPool-2 - Added connection com.mysql.cj.jdbc.ConnectionImpl@6b92f967
2026-04-12T21:54:50.495+01:00  INFO 10128 --- [gestion-etudiant] [  restartedMain] com.zaxxer.hikari.HikariDataSource       : HikariPool-2 - Start completed.
2026-04-12T21:54:50.547+01:00 ERROR 10128 --- [gestion-etudiant] [  restartedMain] j.LocalContainerEntityManagerFactoryBean : Failed to initialize JPA EntityManagerFactory: Association 'com.pfe.gestionetudiant.model.Absence.module' targets an unknown entity named 'com.pfe.gestionetudiant.model.Module'
2026-04-12T21:54:50.549+01:00  WARN 10128 --- [gestion-etudiant] [  restartedMain] ConfigServletWebServerApplicationContext : Exception encountered during context initialization - cancelling refresh attempt: org.springframework.beans.factory.BeanCreationException: Error creating bean with name 'entityManagerFactory' defined in class path resource [org/springframework/boot/autoconfigure/orm/jpa/HibernateJpaConfiguration.class]: Association 'com.pfe.gestionetudiant.model.Absence.module' targets an unknown entity named 'com.pfe.gestionetudiant.model.Module'
2026-04-12T21:54:50.549+01:00  INFO 10128 --- [gestion-etudiant] [  restartedMain] com.zaxxer.hikari.HikariDataSource       : HikariPool-2 - Shutdown initiated...
2026-04-12T21:54:50.552+01:00  INFO 10128 --- [gestion-etudiant] [  restartedMain] com.zaxxer.hikari.HikariDataSource       : HikariPool-2 - Shutdown completed.
2026-04-12T21:54:50.553+01:00  INFO 10128 --- [gestion-etudiant] [  restartedMain] o.apache.catalina.core.StandardService   : Stopping service [Tomcat]
2026-04-12T21:54:50.567+01:00  INFO 10128 --- [gestion-etudiant] [  restartedMain] .s.b.a.l.ConditionEvaluationReportLogger : 

Error starting ApplicationContext. To display the condition evaluation report re-run your application with 'debug' enabled.
2026-04-12T21:54:50.614+01:00 ERROR 10128 --- [gestion-etudiant] [  restartedMain] o.s.boot.SpringApplication               : Application run failed

org.springframework.beans.factory.BeanCreationException: Error creating bean with name 'entityManagerFactory' defined in class path resource [org/springframework/boot/autoconfigure/orm/jpa/HibernateJpaConfiguration.class]: Association 'com.pfe.gestionetudiant.model.Absence.module' targets an unknown entity named 'com.pfe.gestionetudiant.model.Module'
	at org.springframework.beans.factory.support.AbstractAutowireCapableBeanFactory.initializeBean(AbstractAutowireCapableBeanFactory.java:1775) ~[spring-beans-6.1.1.jar:6.1.1]
	at org.springframework.beans.factory.support.AbstractAutowireCapableBeanFactory.doCreateBean(AbstractAutowireCapableBeanFactory.java:601) ~[spring-beans-6.1.1.jar:6.1.1]
	at org.springframework.beans.factory.support.AbstractAutowireCapableBeanFactory.createBean(AbstractAutowireCapableBeanFactory.java:523) ~[spring-beans-6.1.1.jar:6.1.1]
	at org.springframework.beans.factory.support.AbstractBeanFactory.lambda$doGetBean$0(AbstractBeanFactory.java:325) ~[spring-beans-6.1.1.jar:6.1.1]
	at org.springframework.beans.factory.support.DefaultSingletonBeanRegistry.getSingleton(DefaultSingletonBeanRegistry.java:234) ~[spring-beans-6.1.1.jar:6.1.1]
	at org.springframework.beans.factory.support.AbstractBeanFactory.doGetBean(AbstractBeanFactory.java:323) ~[spring-beans-6.1.1.jar:6.1.1]
	at org.springframework.beans.factory.support.AbstractBeanFactory.getBean(AbstractBeanFactory.java:199) ~[spring-beans-6.1.1.jar:6.1.1]
	at org.springframework.context.support.AbstractApplicationContext.getBean(AbstractApplicationContext.java:1173) ~[spring-context-6.1.1.jar:6.1.1]
	at org.springframework.context.support.AbstractApplicationContext.finishBeanFactoryInitialization(AbstractApplicationContext.java:936) ~[spring-context-6.1.1.jar:6.1.1]
	at org.springframework.context.support.AbstractApplicationContext.refresh(AbstractApplicationContext.java:616) ~[spring-context-6.1.1.jar:6.1.1]
	at org.springframework.boot.web.servlet.context.ServletWebServerApplicationContext.refresh(ServletWebServerApplicationContext.java:146) ~[spring-boot-3.2.0.jar:3.2.0]
	at org.springframework.boot.SpringApplication.refresh(SpringApplication.java:753) ~[spring-boot-3.2.0.jar:3.2.0]
	at org.springframework.boot.SpringApplication.refreshContext(SpringApplication.java:455) ~[spring-boot-3.2.0.jar:3.2.0]
	at org.springframework.boot.SpringApplication.run(SpringApplication.java:323) ~[spring-boot-3.2.0.jar:3.2.0]
	at org.springframework.boot.SpringApplication.run(SpringApplication.java:1342) ~[spring-boot-3.2.0.jar:3.2.0]
	at org.springframework.boot.SpringApplication.run(SpringApplication.java:1331) ~[spring-boot-3.2.0.jar:3.2.0]
	at com.pfe.gestionetudiant.GestionEtudiantApplication.main(GestionEtudiantApplication.java:17) ~[classes/:na]
	at java.base/jdk.internal.reflect.NativeMethodAccessorImpl.invoke0(Native Method) ~[na:na]
	at java.base/jdk.internal.reflect.NativeMethodAccessorImpl.invoke(NativeMethodAccessorImpl.java:77) ~[na:na]
	at java.base/jdk.internal.reflect.DelegatingMethodAccessorImpl.invoke(DelegatingMethodAccessorImpl.java:43) ~[na:na]
	at java.base/java.lang.reflect.Method.invoke(Method.java:569) ~[na:na]
	at org.springframework.boot.devtools.restart.RestartLauncher.run(RestartLauncher.java:50) ~[spring-boot-devtools-3.2.0.jar:3.2.0]
Caused by: org.hibernate.AnnotationException: Association 'com.pfe.gestionetudiant.model.Absence.module' targets an unknown entity named 'com.pfe.gestionetudiant.model.Module'
	at org.hibernate.boot.model.internal.ToOneFkSecondPass.doSecondPass(ToOneFkSecondPass.java:104) ~[hibernate-core-6.3.1.Final.jar:6.3.1.Final]
	at org.hibernate.boot.internal.InFlightMetadataCollectorImpl.processEndOfQueue(InFlightMetadataCollectorImpl.java:1910) ~[hibernate-core-6.3.1.Final.jar:6.3.1.Final]
	at org.hibernate.boot.internal.InFlightMetadataCollectorImpl.processFkSecondPassesInOrder(InFlightMetadataCollectorImpl.java:1859) ~[hibernate-core-6.3.1.Final.jar:6.3.1.Final]
	at org.hibernate.boot.internal.InFlightMetadataCollectorImpl.processSecondPasses(InFlightMetadataCollectorImpl.java:1768) ~[hibernate-core-6.3.1.Final.jar:6.3.1.Final]
	at org.hibernate.boot.model.process.spi.MetadataBuildingProcess.complete(MetadataBuildingProcess.java:331) ~[hibernate-core-6.3.1.Final.jar:6.3.1.Final]
	at org.hibernate.jpa.boot.internal.EntityManagerFactoryBuilderImpl.metadata(EntityManagerFactoryBuilderImpl.java:1432) ~[hibernate-core-6.3.1.Final.jar:6.3.1.Final]
	at org.hibernate.jpa.boot.internal.EntityManagerFactoryBuilderImpl.build(EntityManagerFactoryBuilderImpl.java:1503) ~[hibernate-core-6.3.1.Final.jar:6.3.1.Final]
	at org.springframework.orm.jpa.vendor.SpringHibernateJpaPersistenceProvider.createContainerEntityManagerFactory(SpringHibernateJpaPersistenceProvider.java:75) ~[spring-orm-6.1.1.jar:6.1.1]
	at org.springframework.orm.jpa.LocalContainerEntityManagerFactoryBean.createNativeEntityManagerFactory(LocalContainerEntityManagerFactoryBean.java:376) ~[spring-orm-6.1.1.jar:6.1.1]
	at org.springframework.orm.jpa.AbstractEntityManagerFactoryBean.buildNativeEntityManagerFactory(AbstractEntityManagerFactoryBean.java:409) ~[spring-orm-6.1.1.jar:6.1.1]
	at org.springframework.orm.jpa.AbstractEntityManagerFactoryBean.afterPropertiesSet(AbstractEntityManagerFactoryBean.java:396) ~[spring-orm-6.1.1.jar:6.1.1]
	at org.springframework.orm.jpa.LocalContainerEntityManagerFactoryBean.afterPropertiesSet(LocalContainerEntityManagerFactoryBean.java:352) ~[spring-orm-6.1.1.jar:6.1.1]
	at org.springframework.beans.factory.support.AbstractAutowireCapableBeanFactory.invokeInitMethods(AbstractAutowireCapableBeanFactory.java:1822) ~[spring-beans-6.1.1.jar:6.1.1]
	at org.springframework.beans.factory.support.AbstractAutowireCapableBeanFactory.initializeBean(AbstractAutowireCapableBeanFactory.java:1771) ~[spring-beans-6.1.1.jar:6.1.1]
	... 21 common frames omitted


  .   ____          _            __ _ _
 /\\ / ___'_ __ _ _(_)_ __  __ _ \ \ \ \
( ( )\___ | '_ | '_| | '_ \/ _` | \ \ \ \
 \\/  ___)| |_)| | | | | || (_| |  ) ) ) )
  '  |____| .__|_| |_|_| |_\__, | / / / /
 =========|_|==============|___/=/_/_/_/
 :: Spring Boot ::                (v3.2.0)

2026-04-12T21:54:52.903+01:00  INFO 10128 --- [gestion-etudiant] [  restartedMain] c.p.g.GestionEtudiantApplication         : Starting GestionEtudiantApplication using Java 17.0.17 with PID 10128 (C:\Users\moham\OneDrive\Desktop\student-management\target\classes started by moham in C:\Users\moham\OneDrive\Desktop\student-management)
2026-04-12T21:54:52.904+01:00 DEBUG 10128 --- [gestion-etudiant] [  restartedMain] c.p.g.GestionEtudiantApplication         : Running with Spring Boot v3.2.0, Spring v6.1.1
2026-04-12T21:54:52.904+01:00  INFO 10128 --- [gestion-etudiant] [  restartedMain] c.p.g.GestionEtudiantApplication         : No active profile set, falling back to 1 default profile: "default"
2026-04-12T21:54:53.565+01:00  INFO 10128 --- [gestion-etudiant] [  restartedMain] .s.d.r.c.RepositoryConfigurationDelegate : Bootstrapping Spring Data JPA repositories in DEFAULT mode.
2026-04-12T21:54:53.684+01:00  INFO 10128 --- [gestion-etudiant] [  restartedMain] .s.d.r.c.RepositoryConfigurationDelegate : Finished Spring Data repository scanning in 117 ms. Found 14 JPA repository interfaces.
2026-04-12T21:54:53.995+01:00  INFO 10128 --- [gestion-etudiant] [  restartedMain] o.s.b.w.embedded.tomcat.TomcatWebServer  : Tomcat initialized with port 8081 (http)
2026-04-12T21:54:53.999+01:00  INFO 10128 --- [gestion-etudiant] [  restartedMain] o.apache.catalina.core.StandardService   : Starting service [Tomcat]
2026-04-12T21:54:54.001+01:00  INFO 10128 --- [gestion-etudiant] [  restartedMain] o.apache.catalina.core.StandardEngine    : Starting Servlet engine: [Apache Tomcat/10.1.16]
2026-04-12T21:54:54.063+01:00  INFO 10128 --- [gestion-etudiant] [  restartedMain] o.a.c.c.C.[Tomcat-1].[localhost].[/]     : Initializing Spring embedded WebApplicationContext
2026-04-12T21:54:54.064+01:00  INFO 10128 --- [gestion-etudiant] [  restartedMain] w.s.c.ServletWebServerApplicationContext : Root WebApplicationContext: initialization completed in 1155 ms
2026-04-12T21:54:54.198+01:00  INFO 10128 --- [gestion-etudiant] [  restartedMain] o.hibernate.jpa.internal.util.LogHelper  : HHH000204: Processing PersistenceUnitInfo [name: default]
2026-04-12T21:54:54.207+01:00  INFO 10128 --- [gestion-etudiant] [  restartedMain] o.h.c.internal.RegionFactoryInitiator    : HHH000026: Second-level cache disabled
2026-04-12T21:54:54.221+01:00  INFO 10128 --- [gestion-etudiant] [  restartedMain] o.s.o.j.p.SpringPersistenceUnitInfo      : No LoadTimeWeaver setup: ignoring JPA class transformer
2026-04-12T21:54:54.224+01:00  INFO 10128 --- [gestion-etudiant] [  restartedMain] com.zaxxer.hikari.HikariDataSource       : HikariPool-3 - Starting...
2026-04-12T21:54:54.243+01:00  INFO 10128 --- [gestion-etudiant] [  restartedMain] com.zaxxer.hikari.pool.HikariPool        : HikariPool-3 - Added connection com.mysql.cj.jdbc.ConnectionImpl@71993bc9
2026-04-12T21:54:54.244+01:00  INFO 10128 --- [gestion-etudiant] [  restartedMain] com.zaxxer.hikari.HikariDataSource       : HikariPool-3 - Start completed.
2026-04-12T21:54:54.768+01:00  INFO 10128 --- [gestion-etudiant] [  restartedMain] o.h.e.t.j.p.i.JtaPlatformInitiator       : HHH000489: No JTA platform available (set 'hibernate.transaction.jta.platform' to enable JTA platform integration)
2026-04-12T21:54:55.166+01:00  INFO 10128 --- [gestion-etudiant] [  restartedMain] j.LocalContainerEntityManagerFactoryBean : Initialized JPA EntityManagerFactory for persistence unit 'default'
2026-04-12T21:54:57.638+01:00  INFO 10128 --- [gestion-etudiant] [  restartedMain] o.s.s.web.DefaultSecurityFilterChain     : Will secure any request with [org.springframework.security.web.session.DisableEncodeUrlFilter@3e25fada, org.springframework.security.web.context.request.async.WebAsyncManagerIntegrationFilter@5d66f0c8, org.springframework.security.web.context.SecurityContextHolderFilter@70033a30, org.springframework.security.web.header.HeaderWriterFilter@26c3a851, org.springframework.web.filter.CorsFilter@758447d, org.springframework.security.web.csrf.CsrfFilter@38bc31a3, org.springframework.security.web.authentication.logout.LogoutFilter@3b1fecc4, org.springframework.security.web.authentication.UsernamePasswordAuthenticationFilter@7a185091, org.springframework.security.web.session.ConcurrentSessionFilter@71b7d339, org.springframework.security.web.savedrequest.RequestCacheAwareFilter@4bb98541, org.springframework.security.web.servletapi.SecurityContextHolderAwareRequestFilter@1d45b880, org.springframework.security.web.authentication.AnonymousAuthenticationFilter@3ffc00df, org.springframework.security.web.session.SessionManagementFilter@285fceb8, org.springframework.security.web.access.ExceptionTranslationFilter@34e6aa7d, org.springframework.security.web.access.intercept.AuthorizationFilter@c3acbc2]
2026-04-12T21:54:57.919+01:00  INFO 10128 --- [gestion-etudiant] [  restartedMain] o.s.b.d.a.OptionalLiveReloadServer       : LiveReload server is running on port 35729
2026-04-12T21:54:57.955+01:00  INFO 10128 --- [gestion-etudiant] [  restartedMain] o.s.b.w.embedded.tomcat.TomcatWebServer  : Tomcat started on port 8081 (http) with context path ''
2026-04-12T21:54:57.968+01:00  INFO 10128 --- [gestion-etudiant] [  restartedMain] c.p.g.GestionEtudiantApplication         : Started GestionEtudiantApplication in 5.126 seconds (process running for 4647.575)
2026-04-12T21:54:58.062+01:00  INFO 10128 --- [gestion-etudiant] [  restartedMain] .ConditionEvaluationDeltaLoggingListener : Condition evaluation unchanged
2026-04-13T00:25:59.148+01:00  INFO 10128 --- [gestion-etudiant] [nio-8081-exec-1] o.a.c.c.C.[Tomcat-1].[localhost].[/]     : Initializing Spring DispatcherServlet 'dispatcherServlet'
2026-04-13T00:25:59.225+01:00  INFO 10128 --- [gestion-etudiant] [nio-8081-exec-1] o.s.web.servlet.DispatcherServlet        : Initializing Servlet 'dispatcherServlet'
2026-04-13T00:25:59.721+01:00  INFO 10128 --- [gestion-etudiant] [nio-8081-exec-1] o.s.web.servlet.DispatcherServlet        : Completed initialization in 488 ms
2026-04-13T00:25:59.785+01:00  WARN 10128 --- [gestion-etudiant] [nio-8081-exec-1] o.s.w.s.h.HandlerMappingIntrospector     : Cache miss for REQUEST dispatch to '/api/mobile/student/dashboard' (previous null). Performing CorsConfiguration lookup. This is logged once only at WARN level, and every time at TRACE.
2026-04-13T00:25:59.858+01:00  WARN 10128 --- [gestion-etudiant] [nio-8081-exec-1] o.s.w.s.h.HandlerMappingIntrospector     : Cache miss for REQUEST dispatch to '/api/mobile/student/dashboard' (previous null). Performing MatchableHandlerMapping lookup. This is logged once only at WARN level, and every time at TRACE.
2026-04-13T00:28:50.695+01:00  WARN 10128 --- [gestion-etudiant] [nio-8081-exec-6] .m.m.a.ExceptionHandlerExceptionResolver : Resolved [java.lang.IllegalArgumentException: Modification impossible apres la date limite.]
2026-04-13T02:00:23.967+01:00  INFO 10128 --- [gestion-etudiant] [   File Watcher] rtingClassPathChangeChangedEventListener : Restarting due to 119 class path changes (0 additions, 119 deletions, 0 modifications)
2026-04-13T02:00:24.608+01:00  INFO 10128 --- [gestion-etudiant] [       Thread-7] j.LocalContainerEntityManagerFactoryBean : Closing JPA EntityManagerFactory for persistence unit 'default'
2026-04-13T02:00:24.794+01:00  INFO 10128 --- [gestion-etudiant] [       Thread-7] com.zaxxer.hikari.HikariDataSource       : HikariPool-3 - Shutdown initiated...
2026-04-13T02:00:24.812+01:00  INFO 10128 --- [gestion-etudiant] [       Thread-7] com.zaxxer.hikari.HikariDataSource       : HikariPool-3 - Shutdown completed.

  .   ____          _            __ _ _
 /\\ / ___'_ __ _ _(_)_ __  __ _ \ \ \ \
( ( )\___ | '_ | '_| | '_ \/ _` | \ \ \ \
 \\/  ___)| |_)| | | | | || (_| |  ) ) ) )
  '  |____| .__|_| |_|_| |_\__, | / / / /
 =========|_|==============|___/=/_/_/_/
 :: Spring Boot ::                (v3.2.0)

2026-04-13T02:00:27.129+01:00  INFO 10128 --- [gestion-etudiant] [  restartedMain] c.p.g.GestionEtudiantApplication         : Starting GestionEtudiantApplication using Java 17.0.17 with PID 10128 (C:\Users\moham\OneDrive\Desktop\student-management\target\classes started by moham in C:\Users\moham\OneDrive\Desktop\student-management)
2026-04-13T02:00:27.130+01:00 DEBUG 10128 --- [gestion-etudiant] [  restartedMain] c.p.g.GestionEtudiantApplication         : Running with Spring Boot v3.2.0, Spring v6.1.1
2026-04-13T02:00:27.131+01:00  INFO 10128 --- [gestion-etudiant] [  restartedMain] c.p.g.GestionEtudiantApplication         : No active profile set, falling back to 1 default profile: "default"
2026-04-13T02:00:27.963+01:00  INFO 10128 --- [gestion-etudiant] [  restartedMain] .s.d.r.c.RepositoryConfigurationDelegate : Bootstrapping Spring Data JPA repositories in DEFAULT mode.
2026-04-13T02:00:27.974+01:00  INFO 10128 --- [gestion-etudiant] [  restartedMain] .s.d.r.c.RepositoryConfigurationDelegate : Finished Spring Data repository scanning in 9 ms. Found 0 JPA repository interfaces.
2026-04-13T02:00:28.172+01:00  WARN 10128 --- [gestion-etudiant] [  restartedMain] ConfigServletWebServerApplicationContext : Exception encountered during context initialization - cancelling refresh attempt: java.lang.NullPointerException: Cannot read field "generatedClass" because "data" is null
2026-04-13T02:00:28.199+01:00  INFO 10128 --- [gestion-etudiant] [  restartedMain] .s.b.a.l.ConditionEvaluationReportLogger : 

Error starting ApplicationContext. To display the condition evaluation report re-run your application with 'debug' enabled.
2026-04-13T02:00:28.224+01:00 ERROR 10128 --- [gestion-etudiant] [  restartedMain] o.s.boot.SpringApplication               : Application run failed

java.lang.NullPointerException: Cannot read field "generatedClass" because "data" is null
	at org.springframework.cglib.proxy.Enhancer.nextInstance(Enhancer.java:783) ~[spring-core-6.1.1.jar:6.1.1]
	at org.springframework.cglib.core.AbstractClassGenerator.create(AbstractClassGenerator.java:321) ~[spring-core-6.1.1.jar:6.1.1]
	at org.springframework.cglib.proxy.Enhancer.createHelper(Enhancer.java:562) ~[spring-core-6.1.1.jar:6.1.1]
	at org.springframework.cglib.proxy.Enhancer.createClass(Enhancer.java:407) ~[spring-core-6.1.1.jar:6.1.1]
	at org.springframework.context.annotation.ConfigurationClassEnhancer.createClass(ConfigurationClassEnhancer.java:138) ~[spring-context-6.1.1.jar:6.1.1]
	at org.springframework.context.annotation.ConfigurationClassEnhancer.enhance(ConfigurationClassEnhancer.java:109) ~[spring-context-6.1.1.jar:6.1.1]
	at org.springframework.context.annotation.ConfigurationClassPostProcessor.enhanceConfigurationClasses(ConfigurationClassPostProcessor.java:533) ~[spring-context-6.1.1.jar:6.1.1]
	at org.springframework.context.annotation.ConfigurationClassPostProcessor.postProcessBeanFactory(ConfigurationClassPostProcessor.java:310) ~[spring-context-6.1.1.jar:6.1.1]
	at org.springframework.context.support.PostProcessorRegistrationDelegate.invokeBeanFactoryPostProcessors(PostProcessorRegistrationDelegate.java:363) ~[spring-context-6.1.1.jar:6.1.1]
	at org.springframework.context.support.PostProcessorRegistrationDelegate.invokeBeanFactoryPostProcessors(PostProcessorRegistrationDelegate.java:153) ~[spring-context-6.1.1.jar:6.1.1]
	at org.springframework.context.support.AbstractApplicationContext.invokeBeanFactoryPostProcessors(AbstractApplicationContext.java:775) ~[spring-context-6.1.1.jar:6.1.1]
	at org.springframework.context.support.AbstractApplicationContext.refresh(AbstractApplicationContext.java:597) ~[spring-context-6.1.1.jar:6.1.1]
	at org.springframework.boot.web.servlet.context.ServletWebServerApplicationContext.refresh(ServletWebServerApplicationContext.java:146) ~[spring-boot-3.2.0.jar:3.2.0]
	at org.springframework.boot.SpringApplication.refresh(SpringApplication.java:753) ~[spring-boot-3.2.0.jar:3.2.0]
	at org.springframework.boot.SpringApplication.refreshContext(SpringApplication.java:455) ~[spring-boot-3.2.0.jar:3.2.0]
	at org.springframework.boot.SpringApplication.run(SpringApplication.java:323) ~[spring-boot-3.2.0.jar:3.2.0]
	at org.springframework.boot.SpringApplication.run(SpringApplication.java:1342) ~[spring-boot-3.2.0.jar:3.2.0]
	at org.springframework.boot.SpringApplication.run(SpringApplication.java:1331) ~[spring-boot-3.2.0.jar:3.2.0]
	at com.pfe.gestionetudiant.GestionEtudiantApplication.main(GestionEtudiantApplication.java:17) ~[classes/:na]
	at java.base/jdk.internal.reflect.NativeMethodAccessorImpl.invoke0(Native Method) ~[na:na]
	at java.base/jdk.internal.reflect.NativeMethodAccessorImpl.invoke(NativeMethodAccessorImpl.java:77) ~[na:na]
	at java.base/jdk.internal.reflect.DelegatingMethodAccessorImpl.invoke(DelegatingMethodAccessorImpl.java:43) ~[na:na]
	at java.base/java.lang.reflect.Method.invoke(Method.java:569) ~[na:na]
	at org.springframework.boot.devtools.restart.RestartLauncher.run(RestartLauncher.java:50) ~[spring-boot-devtools-3.2.0.jar:3.2.0]


  .   ____          _            __ _ _
 /\\ / ___'_ __ _ _(_)_ __  __ _ \ \ \ \
( ( )\___ | '_ | '_| | '_ \/ _` | \ \ \ \
 \\/  ___)| |_)| | | | | || (_| |  ) ) ) )
  '  |____| .__|_| |_|_| |_\__, | / / / /
 =========|_|==============|___/=/_/_/_/
 :: Spring Boot ::                (v3.2.0)

2026-04-13T02:00:45.691+01:00  INFO 10128 --- [gestion-etudiant] [  restartedMain] c.p.g.GestionEtudiantApplication         : Starting GestionEtudiantApplication using Java 17.0.17 with PID 10128 (C:\Users\moham\OneDrive\Desktop\student-management\target\classes started by moham in C:\Users\moham\OneDrive\Desktop\student-management)
2026-04-13T02:00:45.692+01:00 DEBUG 10128 --- [gestion-etudiant] [  restartedMain] c.p.g.GestionEtudiantApplication         : Running with Spring Boot v3.2.0, Spring v6.1.1
2026-04-13T02:00:45.693+01:00  INFO 10128 --- [gestion-etudiant] [  restartedMain] c.p.g.GestionEtudiantApplication         : No active profile set, falling back to 1 default profile: "default"
2026-04-13T02:00:46.748+01:00  INFO 10128 --- [gestion-etudiant] [  restartedMain] .s.d.r.c.RepositoryConfigurationDelegate : Bootstrapping Spring Data JPA repositories in DEFAULT mode.
2026-04-13T02:00:46.946+01:00  INFO 10128 --- [gestion-etudiant] [  restartedMain] .s.d.r.c.RepositoryConfigurationDelegate : Finished Spring Data repository scanning in 195 ms. Found 14 JPA repository interfaces.
2026-04-13T02:00:47.450+01:00  INFO 10128 --- [gestion-etudiant] [  restartedMain] o.s.b.w.embedded.tomcat.TomcatWebServer  : Tomcat initialized with port 8081 (http)
2026-04-13T02:00:47.453+01:00  INFO 10128 --- [gestion-etudiant] [  restartedMain] o.apache.catalina.core.StandardService   : Starting service [Tomcat]
2026-04-13T02:00:47.455+01:00  INFO 10128 --- [gestion-etudiant] [  restartedMain] o.apache.catalina.core.StandardEngine    : Starting Servlet engine: [Apache Tomcat/10.1.16]
2026-04-13T02:00:47.529+01:00  INFO 10128 --- [gestion-etudiant] [  restartedMain] o.a.c.c.C.[Tomcat-1].[localhost].[/]     : Initializing Spring embedded WebApplicationContext
2026-04-13T02:00:47.530+01:00  INFO 10128 --- [gestion-etudiant] [  restartedMain] w.s.c.ServletWebServerApplicationContext : Root WebApplicationContext: initialization completed in 1828 ms
2026-04-13T02:00:47.696+01:00  INFO 10128 --- [gestion-etudiant] [  restartedMain] o.hibernate.jpa.internal.util.LogHelper  : HHH000204: Processing PersistenceUnitInfo [name: default]
2026-04-13T02:00:47.708+01:00  INFO 10128 --- [gestion-etudiant] [  restartedMain] o.h.c.internal.RegionFactoryInitiator    : HHH000026: Second-level cache disabled
2026-04-13T02:00:47.729+01:00  INFO 10128 --- [gestion-etudiant] [  restartedMain] o.s.o.j.p.SpringPersistenceUnitInfo      : No LoadTimeWeaver setup: ignoring JPA class transformer
2026-04-13T02:00:47.734+01:00  INFO 10128 --- [gestion-etudiant] [  restartedMain] com.zaxxer.hikari.HikariDataSource       : HikariPool-4 - Starting...
2026-04-13T02:00:47.761+01:00  INFO 10128 --- [gestion-etudiant] [  restartedMain] com.zaxxer.hikari.pool.HikariPool        : HikariPool-4 - Added connection com.mysql.cj.jdbc.ConnectionImpl@30edd87f
2026-04-13T02:00:47.762+01:00  INFO 10128 --- [gestion-etudiant] [  restartedMain] com.zaxxer.hikari.HikariDataSource       : HikariPool-4 - Start completed.
2026-04-13T02:00:48.278+01:00  INFO 10128 --- [gestion-etudiant] [  restartedMain] o.h.e.t.j.p.i.JtaPlatformInitiator       : HHH000489: No JTA platform available (set 'hibernate.transaction.jta.platform' to enable JTA platform integration)
2026-04-13T02:00:48.864+01:00  INFO 10128 --- [gestion-etudiant] [  restartedMain] j.LocalContainerEntityManagerFactoryBean : Initialized JPA EntityManagerFactory for persistence unit 'default'
2026-04-13T02:00:51.482+01:00  INFO 10128 --- [gestion-etudiant] [  restartedMain] o.s.s.web.DefaultSecurityFilterChain     : Will secure any request with [org.springframework.security.web.session.DisableEncodeUrlFilter@7575b486, org.springframework.security.web.context.request.async.WebAsyncManagerIntegrationFilter@4e2b21f4, org.springframework.security.web.context.SecurityContextHolderFilter@2d364ddd, org.springframework.security.web.header.HeaderWriterFilter@1bd98cc9, org.springframework.web.filter.CorsFilter@16c63519, org.springframework.security.web.csrf.CsrfFilter@5fc184ca, org.springframework.security.web.authentication.logout.LogoutFilter@17daba2c, org.springframework.security.web.authentication.UsernamePasswordAuthenticationFilter@373c6397, org.springframework.security.web.session.ConcurrentSessionFilter@4eb3db99, org.springframework.security.web.savedrequest.RequestCacheAwareFilter@7a5e3376, org.springframework.security.web.servletapi.SecurityContextHolderAwareRequestFilter@582231d9, org.springframework.security.web.authentication.AnonymousAuthenticationFilter@4232cc8d, org.springframework.security.web.session.SessionManagementFilter@1d07fb27, org.springframework.security.web.access.ExceptionTranslationFilter@aed317b, org.springframework.security.web.access.intercept.AuthorizationFilter@55f1a880]
2026-04-13T02:00:51.861+01:00  INFO 10128 --- [gestion-etudiant] [  restartedMain] o.s.b.d.a.OptionalLiveReloadServer       : LiveReload server is running on port 35729
2026-04-13T02:00:51.908+01:00  INFO 10128 --- [gestion-etudiant] [  restartedMain] o.s.b.w.embedded.tomcat.TomcatWebServer  : Tomcat started on port 8081 (http) with context path ''
2026-04-13T02:00:51.922+01:00  INFO 10128 --- [gestion-etudiant] [  restartedMain] c.p.g.GestionEtudiantApplication         : Started GestionEtudiantApplication in 6.307 seconds (process running for 19401.529)
2026-04-13T02:00:51.992+01:00  INFO 10128 --- [gestion-etudiant] [  restartedMain] .ConditionEvaluationDeltaLoggingListener : Condition evaluation unchanged
2026-04-13T02:07:34.943+01:00  INFO 10128 --- [gestion-etudiant] [nio-8081-exec-1] o.a.c.c.C.[Tomcat-1].[localhost].[/]     : Initializing Spring DispatcherServlet 'dispatcherServlet'
2026-04-13T02:07:34.958+01:00  INFO 10128 --- [gestion-etudiant] [nio-8081-exec-1] o.s.web.servlet.DispatcherServlet        : Initializing Servlet 'dispatcherServlet'
2026-04-13T02:07:35.005+01:00  INFO 10128 --- [gestion-etudiant] [nio-8081-exec-1] o.s.web.servlet.DispatcherServlet        : Completed initialization in 45 ms
2026-04-13T02:07:35.034+01:00  WARN 10128 --- [gestion-etudiant] [nio-8081-exec-1] o.s.w.s.h.HandlerMappingIntrospector     : Cache miss for REQUEST dispatch to '/admin/dashboard' (previous null). Performing CorsConfiguration lookup. This is logged once only at WARN level, and every time at TRACE.
2026-04-13T02:07:35.059+01:00  WARN 10128 --- [gestion-etudiant] [nio-8081-exec-1] o.s.w.s.h.HandlerMappingIntrospector     : Cache miss for REQUEST dispatch to '/admin/dashboard' (previous null). Performing MatchableHandlerMapping lookup. This is logged once only at WARN level, and every time at TRACE.
2026-04-13T02:28:32.403+01:00  INFO 10128 --- [gestion-etudiant] [   File Watcher] rtingClassPathChangeChangedEventListener : Restarting due to 125 class path changes (0 additions, 124 deletions, 1 modification)
2026-04-13T02:28:32.746+01:00  INFO 10128 --- [gestion-etudiant] [      Thread-14] j.LocalContainerEntityManagerFactoryBean : Closing JPA EntityManagerFactory for persistence unit 'default'
2026-04-13T02:28:32.860+01:00  INFO 10128 --- [gestion-etudiant] [      Thread-14] com.zaxxer.hikari.HikariDataSource       : HikariPool-4 - Shutdown initiated...
2026-04-13T02:28:32.911+01:00  INFO 10128 --- [gestion-etudiant] [      Thread-14] com.zaxxer.hikari.HikariDataSource       : HikariPool-4 - Shutdown completed.

  .   ____          _            __ _ _
 /\\ / ___'_ __ _ _(_)_ __  __ _ \ \ \ \
( ( )\___ | '_ | '_| | '_ \/ _` | \ \ \ \
 \\/  ___)| |_)| | | | | || (_| |  ) ) ) )
  '  |____| .__|_| |_|_| |_\__, | / / / /
 =========|_|==============|___/=/_/_/_/
 :: Spring Boot ::                (v3.2.0)

2026-04-13T02:28:35.297+01:00  INFO 10128 --- [gestion-etudiant] [  restartedMain] c.p.g.GestionEtudiantApplication         : Starting GestionEtudiantApplication using Java 17.0.17 with PID 10128 (C:\Users\moham\OneDrive\Desktop\student-management\target\classes started by moham in C:\Users\moham\OneDrive\Desktop\student-management)
2026-04-13T02:28:35.299+01:00 DEBUG 10128 --- [gestion-etudiant] [  restartedMain] c.p.g.GestionEtudiantApplication         : Running with Spring Boot v3.2.0, Spring v6.1.1
2026-04-13T02:28:35.301+01:00  INFO 10128 --- [gestion-etudiant] [  restartedMain] c.p.g.GestionEtudiantApplication         : No active profile set, falling back to 1 default profile: "default"
2026-04-13T02:28:35.837+01:00  INFO 10128 --- [gestion-etudiant] [  restartedMain] .s.d.r.c.RepositoryConfigurationDelegate : Bootstrapping Spring Data JPA repositories in DEFAULT mode.
2026-04-13T02:28:35.841+01:00  INFO 10128 --- [gestion-etudiant] [  restartedMain] .s.d.r.c.RepositoryConfigurationDelegate : Finished Spring Data repository scanning in 1 ms. Found 0 JPA repository interfaces.
2026-04-13T02:28:35.976+01:00  WARN 10128 --- [gestion-etudiant] [  restartedMain] ConfigServletWebServerApplicationContext : Exception encountered during context initialization - cancelling refresh attempt: java.lang.NullPointerException: Cannot read field "generatedClass" because "data" is null
2026-04-13T02:28:35.997+01:00  INFO 10128 --- [gestion-etudiant] [  restartedMain] .s.b.a.l.ConditionEvaluationReportLogger : 

Error starting ApplicationContext. To display the condition evaluation report re-run your application with 'debug' enabled.
2026-04-13T02:28:36.010+01:00 ERROR 10128 --- [gestion-etudiant] [  restartedMain] o.s.boot.SpringApplication               : Application run failed

java.lang.NullPointerException: Cannot read field "generatedClass" because "data" is null
	at org.springframework.cglib.proxy.Enhancer.nextInstance(Enhancer.java:783) ~[spring-core-6.1.1.jar:6.1.1]
	at org.springframework.cglib.core.AbstractClassGenerator.create(AbstractClassGenerator.java:321) ~[spring-core-6.1.1.jar:6.1.1]
	at org.springframework.cglib.proxy.Enhancer.createHelper(Enhancer.java:562) ~[spring-core-6.1.1.jar:6.1.1]
	at org.springframework.cglib.proxy.Enhancer.createClass(Enhancer.java:407) ~[spring-core-6.1.1.jar:6.1.1]
	at org.springframework.context.annotation.ConfigurationClassEnhancer.createClass(ConfigurationClassEnhancer.java:138) ~[spring-context-6.1.1.jar:6.1.1]
	at org.springframework.context.annotation.ConfigurationClassEnhancer.enhance(ConfigurationClassEnhancer.java:109) ~[spring-context-6.1.1.jar:6.1.1]
	at org.springframework.context.annotation.ConfigurationClassPostProcessor.enhanceConfigurationClasses(ConfigurationClassPostProcessor.java:533) ~[spring-context-6.1.1.jar:6.1.1]
	at org.springframework.context.annotation.ConfigurationClassPostProcessor.postProcessBeanFactory(ConfigurationClassPostProcessor.java:310) ~[spring-context-6.1.1.jar:6.1.1]
	at org.springframework.context.support.PostProcessorRegistrationDelegate.invokeBeanFactoryPostProcessors(PostProcessorRegistrationDelegate.java:363) ~[spring-context-6.1.1.jar:6.1.1]
	at org.springframework.context.support.PostProcessorRegistrationDelegate.invokeBeanFactoryPostProcessors(PostProcessorRegistrationDelegate.java:153) ~[spring-context-6.1.1.jar:6.1.1]
	at org.springframework.context.support.AbstractApplicationContext.invokeBeanFactoryPostProcessors(AbstractApplicationContext.java:775) ~[spring-context-6.1.1.jar:6.1.1]
	at org.springframework.context.support.AbstractApplicationContext.refresh(AbstractApplicationContext.java:597) ~[spring-context-6.1.1.jar:6.1.1]
	at org.springframework.boot.web.servlet.context.ServletWebServerApplicationContext.refresh(ServletWebServerApplicationContext.java:146) ~[spring-boot-3.2.0.jar:3.2.0]
	at org.springframework.boot.SpringApplication.refresh(SpringApplication.java:753) ~[spring-boot-3.2.0.jar:3.2.0]
	at org.springframework.boot.SpringApplication.refreshContext(SpringApplication.java:455) ~[spring-boot-3.2.0.jar:3.2.0]
	at org.springframework.boot.SpringApplication.run(SpringApplication.java:323) ~[spring-boot-3.2.0.jar:3.2.0]
	at org.springframework.boot.SpringApplication.run(SpringApplication.java:1342) ~[spring-boot-3.2.0.jar:3.2.0]
	at org.springframework.boot.SpringApplication.run(SpringApplication.java:1331) ~[spring-boot-3.2.0.jar:3.2.0]
	at com.pfe.gestionetudiant.GestionEtudiantApplication.main(GestionEtudiantApplication.java:17) ~[classes/:na]
	at java.base/jdk.internal.reflect.NativeMethodAccessorImpl.invoke0(Native Method) ~[na:na]
	at java.base/jdk.internal.reflect.NativeMethodAccessorImpl.invoke(NativeMethodAccessorImpl.java:77) ~[na:na]
	at java.base/jdk.internal.reflect.DelegatingMethodAccessorImpl.invoke(DelegatingMethodAccessorImpl.java:43) ~[na:na]
	at java.base/java.lang.reflect.Method.invoke(Method.java:569) ~[na:na]
	at org.springframework.boot.devtools.restart.RestartLauncher.run(RestartLauncher.java:50) ~[spring-boot-devtools-3.2.0.jar:3.2.0]


  .   ____          _            __ _ _
 /\\ / ___'_ __ _ _(_)_ __  __ _ \ \ \ \
( ( )\___ | '_ | '_| | '_ \/ _` | \ \ \ \
 \\/  ___)| |_)| | | | | || (_| |  ) ) ) )
  '  |____| .__|_| |_|_| |_\__, | / / / /
 =========|_|==============|___/=/_/_/_/
 :: Spring Boot ::                (v3.2.0)

2026-04-13T02:28:46.302+01:00  INFO 10128 --- [gestion-etudiant] [  restartedMain] c.p.g.GestionEtudiantApplication         : Starting GestionEtudiantApplication using Java 17.0.17 with PID 10128 (C:\Users\moham\OneDrive\Desktop\student-management\target\classes started by moham in C:\Users\moham\OneDrive\Desktop\student-management)
2026-04-13T02:28:46.303+01:00 DEBUG 10128 --- [gestion-etudiant] [  restartedMain] c.p.g.GestionEtudiantApplication         : Running with Spring Boot v3.2.0, Spring v6.1.1
2026-04-13T02:28:46.305+01:00  INFO 10128 --- [gestion-etudiant] [  restartedMain] c.p.g.GestionEtudiantApplication         : No active profile set, falling back to 1 default profile: "default"
2026-04-13T02:28:47.834+01:00  INFO 10128 --- [gestion-etudiant] [  restartedMain] .s.d.r.c.RepositoryConfigurationDelegate : Bootstrapping Spring Data JPA repositories in DEFAULT mode.
2026-04-13T02:28:48.126+01:00  INFO 10128 --- [gestion-etudiant] [  restartedMain] .s.d.r.c.RepositoryConfigurationDelegate : Finished Spring Data repository scanning in 289 ms. Found 14 JPA repository interfaces.
2026-04-13T02:28:48.761+01:00  INFO 10128 --- [gestion-etudiant] [  restartedMain] o.s.b.w.embedded.tomcat.TomcatWebServer  : Tomcat initialized with port 8081 (http)
2026-04-13T02:28:48.763+01:00  INFO 10128 --- [gestion-etudiant] [  restartedMain] o.apache.catalina.core.StandardService   : Starting service [Tomcat]
2026-04-13T02:28:48.766+01:00  INFO 10128 --- [gestion-etudiant] [  restartedMain] o.apache.catalina.core.StandardEngine    : Starting Servlet engine: [Apache Tomcat/10.1.16]
2026-04-13T02:28:48.845+01:00  INFO 10128 --- [gestion-etudiant] [  restartedMain] o.a.c.c.C.[Tomcat-1].[localhost].[/]     : Initializing Spring embedded WebApplicationContext
2026-04-13T02:28:48.846+01:00  INFO 10128 --- [gestion-etudiant] [  restartedMain] w.s.c.ServletWebServerApplicationContext : Root WebApplicationContext: initialization completed in 2531 ms
2026-04-13T02:28:49.177+01:00  INFO 10128 --- [gestion-etudiant] [  restartedMain] o.hibernate.jpa.internal.util.LogHelper  : HHH000204: Processing PersistenceUnitInfo [name: default]
2026-04-13T02:28:49.203+01:00  INFO 10128 --- [gestion-etudiant] [  restartedMain] o.h.c.internal.RegionFactoryInitiator    : HHH000026: Second-level cache disabled
2026-04-13T02:28:49.242+01:00  INFO 10128 --- [gestion-etudiant] [  restartedMain] o.s.o.j.p.SpringPersistenceUnitInfo      : No LoadTimeWeaver setup: ignoring JPA class transformer
2026-04-13T02:28:49.252+01:00  INFO 10128 --- [gestion-etudiant] [  restartedMain] com.zaxxer.hikari.HikariDataSource       : HikariPool-5 - Starting...
2026-04-13T02:28:49.577+01:00  INFO 10128 --- [gestion-etudiant] [  restartedMain] com.zaxxer.hikari.pool.HikariPool        : HikariPool-5 - Added connection com.mysql.cj.jdbc.ConnectionImpl@2c5d5015
2026-04-13T02:28:49.581+01:00  INFO 10128 --- [gestion-etudiant] [  restartedMain] com.zaxxer.hikari.HikariDataSource       : HikariPool-5 - Start completed.
2026-04-13T02:28:50.418+01:00  INFO 10128 --- [gestion-etudiant] [  restartedMain] o.h.e.t.j.p.i.JtaPlatformInitiator       : HHH000489: No JTA platform available (set 'hibernate.transaction.jta.platform' to enable JTA platform integration)
2026-04-13T02:28:51.051+01:00  INFO 10128 --- [gestion-etudiant] [  restartedMain] j.LocalContainerEntityManagerFactoryBean : Initialized JPA EntityManagerFactory for persistence unit 'default'
2026-04-13T02:28:53.901+01:00  INFO 10128 --- [gestion-etudiant] [  restartedMain] o.s.s.web.DefaultSecurityFilterChain     : Will secure any request with [org.springframework.security.web.session.DisableEncodeUrlFilter@2fa1029c, org.springframework.security.web.context.request.async.WebAsyncManagerIntegrationFilter@40fc27fc, org.springframework.security.web.context.SecurityContextHolderFilter@605cd90b, org.springframework.security.web.header.HeaderWriterFilter@54b781fb, org.springframework.web.filter.CorsFilter@1959873e, org.springframework.security.web.csrf.CsrfFilter@5ff14fba, org.springframework.security.web.authentication.logout.LogoutFilter@13e2bdfc, org.springframework.security.web.authentication.UsernamePasswordAuthenticationFilter@292a4718, org.springframework.security.web.session.ConcurrentSessionFilter@748db7bb, org.springframework.security.web.savedrequest.RequestCacheAwareFilter@88c34a2, org.springframework.security.web.servletapi.SecurityContextHolderAwareRequestFilter@cd9f487, org.springframework.security.web.authentication.AnonymousAuthenticationFilter@62b0118a, org.springframework.security.web.session.SessionManagementFilter@21d4b0a4, org.springframework.security.web.access.ExceptionTranslationFilter@58e98584, org.springframework.security.web.access.intercept.AuthorizationFilter@391c0c19]
2026-04-13T02:28:54.250+01:00  INFO 10128 --- [gestion-etudiant] [  restartedMain] o.s.b.d.a.OptionalLiveReloadServer       : LiveReload server is running on port 35729
2026-04-13T02:28:54.331+01:00  INFO 10128 --- [gestion-etudiant] [  restartedMain] o.s.b.w.embedded.tomcat.TomcatWebServer  : Tomcat started on port 8081 (http) with context path ''
2026-04-13T02:28:54.343+01:00  INFO 10128 --- [gestion-etudiant] [  restartedMain] c.p.g.GestionEtudiantApplication         : Started GestionEtudiantApplication in 8.19 seconds (process running for 21083.95)
2026-04-13T02:28:54.426+01:00  INFO 10128 --- [gestion-etudiant] [  restartedMain] .ConditionEvaluationDeltaLoggingListener : Condition evaluation unchanged
Exception in thread "File Watcher" java.lang.IllegalArgumentException: File must not be a directory
	at org.springframework.util.Assert.isTrue(Assert.java:111)
	at org.springframework.boot.devtools.filewatch.FileSnapshot.<init>(FileSnapshot.java:40)
	at org.springframework.boot.devtools.filewatch.DirectorySnapshot.collectFiles(DirectorySnapshot.java:70)
	at org.springframework.boot.devtools.filewatch.DirectorySnapshot.collectFiles(DirectorySnapshot.java:67)
	at org.springframework.boot.devtools.filewatch.DirectorySnapshot.collectFiles(DirectorySnapshot.java:67)
	at org.springframework.boot.devtools.filewatch.DirectorySnapshot.<init>(DirectorySnapshot.java:58)
	at org.springframework.boot.devtools.filewatch.FileSystemWatcher$Watcher.getCurrentSnapshots(FileSystemWatcher.java:302)
	at org.springframework.boot.devtools.filewatch.FileSystemWatcher$Watcher.scan(FileSystemWatcher.java:276)
	at org.springframework.boot.devtools.filewatch.FileSystemWatcher$Watcher.run(FileSystemWatcher.java:261)
	at java.base/java.lang.Thread.run(Thread.java:840)
2026-04-13T02:53:57.674+01:00  INFO 10128 --- [gestion-etudiant] [nio-8081-exec-1] o.a.c.c.C.[Tomcat-1].[localhost].[/]     : Initializing Spring DispatcherServlet 'dispatcherServlet'
2026-04-13T02:53:57.738+01:00  INFO 10128 --- [gestion-etudiant] [nio-8081-exec-1] o.s.web.servlet.DispatcherServlet        : Initializing Servlet 'dispatcherServlet'
2026-04-13T02:53:58.043+01:00  INFO 10128 --- [gestion-etudiant] [nio-8081-exec-1] o.s.web.servlet.DispatcherServlet        : Completed initialization in 303 ms
2026-04-13T02:53:58.147+01:00  WARN 10128 --- [gestion-etudiant] [nio-8081-exec-1] o.s.w.s.h.HandlerMappingIntrospector     : Cache miss for REQUEST dispatch to '/login' (previous null). Performing CorsConfiguration lookup. This is logged once only at WARN level, and every time at TRACE.
2026-04-13T02:53:59.530+01:00  WARN 10128 --- [gestion-etudiant] [nio-8081-exec-3] o.s.w.s.h.HandlerMappingIntrospector     : Cache miss for REQUEST dispatch to '/images/esto-logo.jpg' (previous null). Performing MatchableHandlerMapping lookup. This is logged once only at WARN level, and every time at TRACE.
[INFO] ------------------------------------------------------------------------
[INFO] BUILD FAILURE
[INFO] ------------------------------------------------------------------------
[INFO] Total time:  06:22 h
[INFO] Finished at: 2026-04-13T02:59:30+01:00
[INFO] ------------------------------------------------------------------------
[ERROR] Failed to execute goal org.springframework.boot:spring-boot-maven-plugin:3.2.0:run (default-cli) on project gestion-etudiant: Process terminated with exit code: 1 -> [Help 1]
[ERROR] 
[ERROR] To see the full stack trace of the errors, re-run Maven with the -e switch.
[ERROR] Re-run Maven using the -X switch to enable full debug logging.
[ERROR] 
[ERROR] For more information about the errors and possible solutions, please read the following articles:
[ERROR] [Help 1] http://cwiki.apache.org/confluence/display/MAVEN/MojoExecutionException
